<?xml version="1.0" encoding="UTF-8"?>
<!-- Generated by org.testng.reporters.JUnitReportReporter -->
<testsuite skipped="0" hostname="DESKTOP-ISRA4DV" name="demo.first" tests="1" failures="0" timestamp="02 Jan 2019 16:30:21 GMT" time="0.015" errors="0">
  <testcase name="demogitjen" time="0.015" classname="demo.first"/>
</testsuite> <!-- demo.first -->
