<?xml version="1.0" encoding="UTF-8"?>
<!-- Generated by org.testng.reporters.JUnitReportReporter -->
<testsuite skipped="0" hostname="DESKTOP-ISRA4DV" name="demo.first" tests="1" failures="0" timestamp="09 Jan 2019 11:21:14 GMT" time="0.016" errors="0">
  <testcase name="demogitjen" time="0.016" classname="demo.first"/>
</testsuite> <!-- demo.first -->
